<?xml version="1.0" encoding="UTF-8"?>
<robot generator="Robot 4.1.3 (Python 3.10.2 on win32)" generated="20220317 13:59:19.713" rpa="false" schemaversion="2">
<suite id="s1" name="Verify Invalidcredential Suite" source="E:\LT_Technology_Services\Robot_Session\Robot_framework\login_suite\verify_invalidcredential_suite.robot">
<test id="s1-t1" name="Verify Invalid Credential Test">
<kw name="Launch Browser" library="CommonFunctionality" type="SETUP">
<kw name="Open Browser" library="SeleniumLibrary">
<arg>browser=${BROWSER_NAME}</arg>
<arg>executable_path=${EXECDIR}${/}driver${/}chromedriver.exe</arg>
<doc>Opens a new browser instance to the optional ``url``.</doc>
<msg timestamp="20220317 13:59:20.247" level="INFO">Opening browser 'chrome' to base url 'None'.</msg>
<status status="PASS" starttime="20220317 13:59:20.246" endtime="20220317 13:59:22.335"/>
</kw>
<kw name="Maximize Browser Window" library="SeleniumLibrary">
<doc>Maximizes current browser window.</doc>
<status status="PASS" starttime="20220317 13:59:22.336" endtime="20220317 13:59:22.515"/>
</kw>
<kw name="Set Selenium Implicit Wait" library="SeleniumLibrary">
<arg>30s</arg>
<doc>Sets the implicit wait value used by Selenium.</doc>
<status status="PASS" starttime="20220317 13:59:22.516" endtime="20220317 13:59:22.523"/>
</kw>
<kw name="Go To" library="SeleniumLibrary">
<arg>url=${URL}</arg>
<doc>Navigates the current browser window to the provided ``url``.</doc>
<msg timestamp="20220317 13:59:22.525" level="INFO">Opening url 'https://opensource-demo.orangehrmlive.com/'</msg>
<status status="PASS" starttime="20220317 13:59:22.523" endtime="20220317 13:59:30.070"/>
</kw>
<status status="PASS" starttime="20220317 13:59:20.245" endtime="20220317 13:59:30.070"/>
</kw>
<kw name="Input Text" library="SeleniumLibrary">
<arg>id=txtUsername</arg>
<arg>Anup</arg>
<doc>Types the given ``text`` into the text field identified by ``locator``.</doc>
<msg timestamp="20220317 13:59:30.073" level="INFO">Typing text 'Anup' into text field 'id=txtUsername'.</msg>
<status status="PASS" starttime="20220317 13:59:30.072" endtime="20220317 13:59:30.259"/>
</kw>
<kw name="Input Password" library="SeleniumLibrary">
<arg>id=txtPassword</arg>
<arg>anup123</arg>
<doc>Types the given password into the text field identified by ``locator``.</doc>
<msg timestamp="20220317 13:59:30.261" level="INFO">Typing password into text field 'id=txtPassword'.</msg>
<msg timestamp="20220317 13:59:30.339" level="INFO">Temporally setting log level to: NONE</msg>
<msg timestamp="20220317 13:59:30.440" level="INFO">Log level changed from NONE to INFO.</msg>
<status status="PASS" starttime="20220317 13:59:30.260" endtime="20220317 13:59:30.440"/>
</kw>
<kw name="Click Element" library="SeleniumLibrary">
<arg>id=btnLogin</arg>
<doc>Click the element identified by ``locator``.</doc>
<msg timestamp="20220317 13:59:30.442" level="INFO">Clicking element 'id=btnLogin'.</msg>
<status status="PASS" starttime="20220317 13:59:30.441" endtime="20220317 13:59:31.999"/>
</kw>
<kw name="Element Text Should Be" library="SeleniumLibrary">
<arg>xpath=//span[@id='spanMessage']</arg>
<arg>Invalid credentials</arg>
<doc>Verifies that element ``locator`` contains exact the text ``expected``.</doc>
<msg timestamp="20220317 13:59:32.001" level="INFO">Verifying element 'xpath=//span[@id='spanMessage']' contains exact text 'Invalid credentials'.</msg>
<status status="PASS" starttime="20220317 13:59:32.000" endtime="20220317 13:59:32.041"/>
</kw>
<kw name="Close Browser" library="SeleniumLibrary" type="TEARDOWN">
<doc>Closes the current browser.</doc>
<status status="PASS" starttime="20220317 13:59:32.042" endtime="20220317 13:59:34.386"/>
</kw>
<status status="PASS" starttime="20220317 13:59:20.244" endtime="20220317 13:59:34.388"/>
</test>
<doc>This suite willl handles all the test cases related to valid credentials test. Test case for orangehrm - TC_OH_2</doc>
<status status="PASS" starttime="20220317 13:59:19.717" endtime="20220317 13:59:34.392"/>
</suite>
<statistics>
<total>
<stat pass="1" fail="0" skip="0">All Tests</stat>
</total>
<tag>
</tag>
<suite>
<stat pass="1" fail="0" skip="0" id="s1" name="Verify Invalidcredential Suite">Verify Invalidcredential Suite</stat>
</suite>
</statistics>
<errors>
</errors>
</robot>
