<?xml version="1.0" encoding="UTF-8"?>
<robot generator="Robot 4.1.3 (Python 3.10.2 on win32)" generated="20220317 14:21:43.857" rpa="false" schemaversion="2">
<suite id="s1" name="Verify Invalidcredential Suite" source="E:\LT_Technology_Services\Robot_Session\Robot_framework\login_suite\verify_invalidcredential_suite.robot">
<test id="s1-t1" name="TC1">
<kw name="Launch Browser" library="CommonFunctionality" type="SETUP">
<kw name="Open Browser" library="SeleniumLibrary">
<arg>browser=${BROWSER_NAME}</arg>
<arg>executable_path=${EXECDIR}${/}driver${/}chromedriver.exe</arg>
<doc>Opens a new browser instance to the optional ``url``.</doc>
<msg timestamp="20220317 14:21:44.383" level="INFO">Opening browser 'chrome' to base url 'None'.</msg>
<status status="PASS" starttime="20220317 14:21:44.382" endtime="20220317 14:21:46.405"/>
</kw>
<kw name="Maximize Browser Window" library="SeleniumLibrary">
<doc>Maximizes current browser window.</doc>
<status status="PASS" starttime="20220317 14:21:46.405" endtime="20220317 14:21:46.557"/>
</kw>
<kw name="Set Selenium Implicit Wait" library="SeleniumLibrary">
<arg>30s</arg>
<doc>Sets the implicit wait value used by Selenium.</doc>
<status status="PASS" starttime="20220317 14:21:46.558" endtime="20220317 14:21:46.560"/>
</kw>
<kw name="Go To" library="SeleniumLibrary">
<arg>url=${URL}</arg>
<doc>Navigates the current browser window to the provided ``url``.</doc>
<msg timestamp="20220317 14:21:46.562" level="INFO">Opening url 'https://opensource-demo.orangehrmlive.com/'</msg>
<status status="PASS" starttime="20220317 14:21:46.561" endtime="20220317 14:21:55.111"/>
</kw>
<status status="PASS" starttime="20220317 14:21:44.381" endtime="20220317 14:21:55.112"/>
</kw>
<kw name="Verify Invalid Credential Template">
<arg>John</arg>
<arg>john123</arg>
<arg>Invalid credentials</arg>
<kw name="Input Text" library="SeleniumLibrary">
<arg>id=txtUsername</arg>
<arg>${username}</arg>
<doc>Types the given ``text`` into the text field identified by ``locator``.</doc>
<msg timestamp="20220317 14:21:55.116" level="INFO">Typing text 'John' into text field 'id=txtUsername'.</msg>
<status status="PASS" starttime="20220317 14:21:55.114" endtime="20220317 14:21:55.299"/>
</kw>
<kw name="Input Password" library="SeleniumLibrary">
<arg>id=txtPassword</arg>
<arg>${password}</arg>
<doc>Types the given password into the text field identified by ``locator``.</doc>
<msg timestamp="20220317 14:21:55.301" level="INFO">Typing password into text field 'id=txtPassword'.</msg>
<msg timestamp="20220317 14:21:55.377" level="INFO">Temporally setting log level to: NONE</msg>
<msg timestamp="20220317 14:21:55.484" level="INFO">Log level changed from NONE to INFO.</msg>
<status status="PASS" starttime="20220317 14:21:55.300" endtime="20220317 14:21:55.484"/>
</kw>
<kw name="Click Element" library="SeleniumLibrary">
<arg>id=btnLogin</arg>
<doc>Click the element identified by ``locator``.</doc>
<msg timestamp="20220317 14:21:55.485" level="INFO">Clicking element 'id=btnLogin'.</msg>
<status status="PASS" starttime="20220317 14:21:55.485" endtime="20220317 14:21:57.218"/>
</kw>
<kw name="Element Text Should Be" library="SeleniumLibrary">
<arg>xpath=//span[@id='spanMessage']</arg>
<arg>${expected_error}</arg>
<doc>Verifies that element ``locator`` contains exact the text ``expected``.</doc>
<msg timestamp="20220317 14:21:57.219" level="INFO">Verifying element 'xpath=//span[@id='spanMessage']' contains exact text 'Invalid credentials'.</msg>
<status status="PASS" starttime="20220317 14:21:57.219" endtime="20220317 14:21:57.261"/>
</kw>
<status status="PASS" starttime="20220317 14:21:55.113" endtime="20220317 14:21:57.261"/>
</kw>
<kw name="Close Browser" library="SeleniumLibrary" type="TEARDOWN">
<doc>Closes the current browser.</doc>
<status status="PASS" starttime="20220317 14:21:57.262" endtime="20220317 14:21:59.523"/>
</kw>
<status status="PASS" starttime="20220317 14:21:44.379" endtime="20220317 14:21:59.524"/>
</test>
<test id="s1-t2" name="TC2">
<kw name="Launch Browser" library="CommonFunctionality" type="SETUP">
<kw name="Open Browser" library="SeleniumLibrary">
<arg>browser=${BROWSER_NAME}</arg>
<arg>executable_path=${EXECDIR}${/}driver${/}chromedriver.exe</arg>
<doc>Opens a new browser instance to the optional ``url``.</doc>
<msg timestamp="20220317 14:21:59.535" level="INFO">Opening browser 'chrome' to base url 'None'.</msg>
<status status="PASS" starttime="20220317 14:21:59.533" endtime="20220317 14:22:02.219"/>
</kw>
<kw name="Maximize Browser Window" library="SeleniumLibrary">
<doc>Maximizes current browser window.</doc>
<status status="PASS" starttime="20220317 14:22:02.220" endtime="20220317 14:22:02.363"/>
</kw>
<kw name="Set Selenium Implicit Wait" library="SeleniumLibrary">
<arg>30s</arg>
<doc>Sets the implicit wait value used by Selenium.</doc>
<status status="PASS" starttime="20220317 14:22:02.363" endtime="20220317 14:22:02.366"/>
</kw>
<kw name="Go To" library="SeleniumLibrary">
<arg>url=${URL}</arg>
<doc>Navigates the current browser window to the provided ``url``.</doc>
<msg timestamp="20220317 14:22:02.367" level="INFO">Opening url 'https://opensource-demo.orangehrmlive.com/'</msg>
<status status="PASS" starttime="20220317 14:22:02.366" endtime="20220317 14:22:09.333"/>
</kw>
<status status="PASS" starttime="20220317 14:21:59.531" endtime="20220317 14:22:09.333"/>
</kw>
<kw name="Verify Invalid Credential Template">
<arg>Peter</arg>
<arg>peter123</arg>
<arg>Invalid credentials</arg>
<kw name="Input Text" library="SeleniumLibrary">
<arg>id=txtUsername</arg>
<arg>${username}</arg>
<doc>Types the given ``text`` into the text field identified by ``locator``.</doc>
<msg timestamp="20220317 14:22:09.335" level="INFO">Typing text 'Peter' into text field 'id=txtUsername'.</msg>
<status status="PASS" starttime="20220317 14:22:09.335" endtime="20220317 14:22:09.514"/>
</kw>
<kw name="Input Password" library="SeleniumLibrary">
<arg>id=txtPassword</arg>
<arg>${password}</arg>
<doc>Types the given password into the text field identified by ``locator``.</doc>
<msg timestamp="20220317 14:22:09.515" level="INFO">Typing password into text field 'id=txtPassword'.</msg>
<msg timestamp="20220317 14:22:09.590" level="INFO">Temporally setting log level to: NONE</msg>
<msg timestamp="20220317 14:22:09.698" level="INFO">Log level changed from NONE to INFO.</msg>
<status status="PASS" starttime="20220317 14:22:09.514" endtime="20220317 14:22:09.699"/>
</kw>
<kw name="Click Element" library="SeleniumLibrary">
<arg>id=btnLogin</arg>
<doc>Click the element identified by ``locator``.</doc>
<msg timestamp="20220317 14:22:09.700" level="INFO">Clicking element 'id=btnLogin'.</msg>
<status status="PASS" starttime="20220317 14:22:09.699" endtime="20220317 14:22:11.365"/>
</kw>
<kw name="Element Text Should Be" library="SeleniumLibrary">
<arg>xpath=//span[@id='spanMessage']</arg>
<arg>${expected_error}</arg>
<doc>Verifies that element ``locator`` contains exact the text ``expected``.</doc>
<msg timestamp="20220317 14:22:11.367" level="INFO">Verifying element 'xpath=//span[@id='spanMessage']' contains exact text 'Invalid credentials'.</msg>
<status status="PASS" starttime="20220317 14:22:11.367" endtime="20220317 14:22:11.407"/>
</kw>
<status status="PASS" starttime="20220317 14:22:09.334" endtime="20220317 14:22:11.408"/>
</kw>
<kw name="Close Browser" library="SeleniumLibrary" type="TEARDOWN">
<doc>Closes the current browser.</doc>
<status status="PASS" starttime="20220317 14:22:11.408" endtime="20220317 14:22:13.672"/>
</kw>
<status status="PASS" starttime="20220317 14:21:59.529" endtime="20220317 14:22:13.673"/>
</test>
<doc>This suite willl handles all the test cases related to valid credentials test. Test case for orangehrm - TC_OH_2</doc>
<status status="PASS" starttime="20220317 14:21:43.861" endtime="20220317 14:22:13.678"/>
</suite>
<statistics>
<total>
<stat pass="2" fail="0" skip="0">All Tests</stat>
</total>
<tag>
</tag>
<suite>
<stat pass="2" fail="0" skip="0" id="s1" name="Verify Invalidcredential Suite">Verify Invalidcredential Suite</stat>
</suite>
</statistics>
<errors>
</errors>
</robot>
