<?xml version="1.0" encoding="UTF-8"?>
<robot generator="Robot 4.1.3 (Python 3.10.2 on win32)" generated="20220317 16:56:38.833" rpa="false" schemaversion="2">
<suite id="s1" name="Verify Emergency Contact Suite" source="E:\LT_Technology_Services\Robot_Session\Robot_framework\my_info_suite\verify_emergency_contact_suite.robot">
<test id="s1-t1" name="TC1">
<kw name="Launch Browser" library="CommonFunctionality" type="SETUP">
<kw name="Open Browser" library="SeleniumLibrary">
<arg>browser=${BROWSER_NAME}</arg>
<arg>executable_path=${EXECDIR}${/}driver${/}chromedriver.exe</arg>
<doc>Opens a new browser instance to the optional ``url``.</doc>
<msg timestamp="20220317 16:56:40.858" level="INFO">Opening browser 'chrome' to base url 'None'.</msg>
<status status="PASS" starttime="20220317 16:56:40.857" endtime="20220317 16:56:42.981"/>
</kw>
<kw name="Maximize Browser Window" library="SeleniumLibrary">
<doc>Maximizes current browser window.</doc>
<status status="PASS" starttime="20220317 16:56:42.982" endtime="20220317 16:56:43.126"/>
</kw>
<kw name="Set Selenium Implicit Wait" library="SeleniumLibrary">
<arg>30s</arg>
<doc>Sets the implicit wait value used by Selenium.</doc>
<status status="PASS" starttime="20220317 16:56:43.127" endtime="20220317 16:56:43.134"/>
</kw>
<kw name="Go To" library="SeleniumLibrary">
<arg>url=${URL}</arg>
<doc>Navigates the current browser window to the provided ``url``.</doc>
<msg timestamp="20220317 16:56:43.136" level="INFO">Opening url 'https://opensource-demo.orangehrmlive.com/'</msg>
<status status="PASS" starttime="20220317 16:56:43.134" endtime="20220317 16:56:49.872"/>
</kw>
<status status="PASS" starttime="20220317 16:56:40.857" endtime="20220317 16:56:49.873"/>
</kw>
<kw name="Verify Add Emergency Contact Template">
<arg>Admin</arg>
<arg>admin123</arg>
<arg>Anup</arg>
<arg>Brother</arg>
<arg>787878</arg>
<kw name="Input Text" library="SeleniumLibrary">
<arg>id=txtUsername</arg>
<arg>${username}</arg>
<doc>Types the given ``text`` into the text field identified by ``locator``.</doc>
<msg timestamp="20220317 16:56:49.876" level="INFO">Typing text 'Admin' into text field 'id=txtUsername'.</msg>
<status status="PASS" starttime="20220317 16:56:49.875" endtime="20220317 16:56:50.053"/>
</kw>
<kw name="Input Password" library="SeleniumLibrary">
<arg>id=txtPassword</arg>
<arg>${password}</arg>
<doc>Types the given password into the text field identified by ``locator``.</doc>
<msg timestamp="20220317 16:56:50.055" level="INFO">Typing password into text field 'id=txtPassword'.</msg>
<msg timestamp="20220317 16:56:50.133" level="INFO">Temporally setting log level to: NONE</msg>
<msg timestamp="20220317 16:56:50.238" level="INFO">Log level changed from NONE to INFO.</msg>
<status status="PASS" starttime="20220317 16:56:50.054" endtime="20220317 16:56:50.238"/>
</kw>
<kw name="Click Element" library="SeleniumLibrary">
<arg>id=btnLogin</arg>
<doc>Click the element identified by ``locator``.</doc>
<msg timestamp="20220317 16:56:50.239" level="INFO">Clicking element 'id=btnLogin'.</msg>
<status status="PASS" starttime="20220317 16:56:50.238" endtime="20220317 16:56:55.560"/>
</kw>
<kw name="Page Should Contain" library="SeleniumLibrary">
<arg>My Info</arg>
<doc>Verifies that current page contains ``text``.</doc>
<msg timestamp="20220317 16:56:55.597" level="INFO">Current page contains text 'My Info'.</msg>
<status status="PASS" starttime="20220317 16:56:55.560" endtime="20220317 16:56:55.598"/>
</kw>
<kw name="Click Element" library="SeleniumLibrary">
<arg>link=My Info</arg>
<doc>Click the element identified by ``locator``.</doc>
<msg timestamp="20220317 16:56:55.598" level="INFO">Clicking element 'link=My Info'.</msg>
<status status="PASS" starttime="20220317 16:56:55.598" endtime="20220317 16:56:57.627"/>
</kw>
<kw name="Click Element" library="SeleniumLibrary">
<arg>link=Emergency Contacts</arg>
<doc>Click the element identified by ``locator``.</doc>
<msg timestamp="20220317 16:56:57.629" level="INFO">Clicking element 'link=Emergency Contacts'.</msg>
<status status="PASS" starttime="20220317 16:56:57.627" endtime="20220317 16:56:58.901"/>
</kw>
<kw name="Click Element" library="SeleniumLibrary">
<arg>id=btnAddContact</arg>
<doc>Click the element identified by ``locator``.</doc>
<msg timestamp="20220317 16:56:58.901" level="INFO">Clicking element 'id=btnAddContact'.</msg>
<status status="PASS" starttime="20220317 16:56:58.901" endtime="20220317 16:56:58.995"/>
</kw>
<kw name="Input Text" library="SeleniumLibrary">
<arg>id=emgcontacts_name</arg>
<arg>${name}</arg>
<doc>Types the given ``text`` into the text field identified by ``locator``.</doc>
<msg timestamp="20220317 16:56:58.997" level="INFO">Typing text 'Anup' into text field 'id=emgcontacts_name'.</msg>
<status status="PASS" starttime="20220317 16:56:58.996" endtime="20220317 16:56:59.150"/>
</kw>
<kw name="Input Text" library="SeleniumLibrary">
<arg>id=emgcontacts_relationship</arg>
<arg>${relationship}</arg>
<doc>Types the given ``text`` into the text field identified by ``locator``.</doc>
<msg timestamp="20220317 16:56:59.150" level="INFO">Typing text 'Brother' into text field 'id=emgcontacts_relationship'.</msg>
<status status="PASS" starttime="20220317 16:56:59.150" endtime="20220317 16:56:59.290"/>
</kw>
<kw name="Input Text" library="SeleniumLibrary">
<arg>id=emgcontacts_homePhone</arg>
<arg>${home_telephone}</arg>
<doc>Types the given ``text`` into the text field identified by ``locator``.</doc>
<msg timestamp="20220317 16:56:59.291" level="INFO">Typing text '787878' into text field 'id=emgcontacts_homePhone'.</msg>
<status status="PASS" starttime="20220317 16:56:59.290" endtime="20220317 16:56:59.437"/>
</kw>
<kw name="Click Element" library="SeleniumLibrary">
<arg>id=btnSaveEContact</arg>
<doc>Click the element identified by ``locator``.</doc>
<msg timestamp="20220317 16:56:59.438" level="INFO">Clicking element 'id=btnSaveEContact'.</msg>
<status status="PASS" starttime="20220317 16:56:59.438" endtime="20220317 16:57:01.095"/>
</kw>
<kw name="Table Should Contain" library="SeleniumLibrary">
<arg>id=emgcontact_list</arg>
<arg>${name}</arg>
<doc>Verifies table contains text ``expected``.</doc>
<status status="PASS" starttime="20220317 16:57:01.096" endtime="20220317 16:57:01.550"/>
</kw>
<kw name="Table Should Contain" library="SeleniumLibrary">
<arg>id=emgcontact_list</arg>
<arg>${home_telephone}</arg>
<doc>Verifies table contains text ``expected``.</doc>
<status status="PASS" starttime="20220317 16:57:01.551" endtime="20220317 16:57:01.883"/>
</kw>
<status status="PASS" starttime="20220317 16:56:49.874" endtime="20220317 16:57:01.883"/>
</kw>
<kw name="Close Browser" library="SeleniumLibrary" type="TEARDOWN">
<doc>Closes the current browser.</doc>
<status status="PASS" starttime="20220317 16:57:01.884" endtime="20220317 16:57:04.209"/>
</kw>
<status status="PASS" starttime="20220317 16:56:40.853" endtime="20220317 16:57:04.212"/>
</test>
<test id="s1-t2" name="TC1">
<kw name="Launch Browser" library="CommonFunctionality" type="SETUP">
<kw name="Open Browser" library="SeleniumLibrary">
<arg>browser=${BROWSER_NAME}</arg>
<arg>executable_path=${EXECDIR}${/}driver${/}chromedriver.exe</arg>
<doc>Opens a new browser instance to the optional ``url``.</doc>
<msg timestamp="20220317 16:57:04.234" level="INFO">Opening browser 'chrome' to base url 'None'.</msg>
<status status="PASS" starttime="20220317 16:57:04.232" endtime="20220317 16:57:06.426"/>
</kw>
<kw name="Maximize Browser Window" library="SeleniumLibrary">
<doc>Maximizes current browser window.</doc>
<status status="PASS" starttime="20220317 16:57:06.427" endtime="20220317 16:57:06.562"/>
</kw>
<kw name="Set Selenium Implicit Wait" library="SeleniumLibrary">
<arg>30s</arg>
<doc>Sets the implicit wait value used by Selenium.</doc>
<status status="PASS" starttime="20220317 16:57:06.563" endtime="20220317 16:57:06.565"/>
</kw>
<kw name="Go To" library="SeleniumLibrary">
<arg>url=${URL}</arg>
<doc>Navigates the current browser window to the provided ``url``.</doc>
<msg timestamp="20220317 16:57:06.566" level="INFO">Opening url 'https://opensource-demo.orangehrmlive.com/'</msg>
<status status="PASS" starttime="20220317 16:57:06.566" endtime="20220317 16:57:13.175"/>
</kw>
<status status="PASS" starttime="20220317 16:57:04.231" endtime="20220317 16:57:13.175"/>
</kw>
<kw name="Verify Add Emergency Contact Template">
<arg>Admin</arg>
<arg>admin123</arg>
<arg>Sid</arg>
<arg>Brother</arg>
<arg>989898</arg>
<kw name="Input Text" library="SeleniumLibrary">
<arg>id=txtUsername</arg>
<arg>${username}</arg>
<doc>Types the given ``text`` into the text field identified by ``locator``.</doc>
<msg timestamp="20220317 16:57:13.180" level="INFO">Typing text 'Admin' into text field 'id=txtUsername'.</msg>
<status status="PASS" starttime="20220317 16:57:13.179" endtime="20220317 16:57:13.365"/>
</kw>
<kw name="Input Password" library="SeleniumLibrary">
<arg>id=txtPassword</arg>
<arg>${password}</arg>
<doc>Types the given password into the text field identified by ``locator``.</doc>
<msg timestamp="20220317 16:57:13.366" level="INFO">Typing password into text field 'id=txtPassword'.</msg>
<msg timestamp="20220317 16:57:13.445" level="INFO">Temporally setting log level to: NONE</msg>
<msg timestamp="20220317 16:57:13.544" level="INFO">Log level changed from NONE to INFO.</msg>
<status status="PASS" starttime="20220317 16:57:13.365" endtime="20220317 16:57:13.544"/>
</kw>
<kw name="Click Element" library="SeleniumLibrary">
<arg>id=btnLogin</arg>
<doc>Click the element identified by ``locator``.</doc>
<msg timestamp="20220317 16:57:13.545" level="INFO">Clicking element 'id=btnLogin'.</msg>
<status status="PASS" starttime="20220317 16:57:13.544" endtime="20220317 16:57:18.835"/>
</kw>
<kw name="Page Should Contain" library="SeleniumLibrary">
<arg>My Info</arg>
<doc>Verifies that current page contains ``text``.</doc>
<msg timestamp="20220317 16:57:18.871" level="INFO">Current page contains text 'My Info'.</msg>
<status status="PASS" starttime="20220317 16:57:18.836" endtime="20220317 16:57:18.871"/>
</kw>
<kw name="Click Element" library="SeleniumLibrary">
<arg>link=My Info</arg>
<doc>Click the element identified by ``locator``.</doc>
<msg timestamp="20220317 16:57:18.873" level="INFO">Clicking element 'link=My Info'.</msg>
<status status="PASS" starttime="20220317 16:57:18.872" endtime="20220317 16:57:20.893"/>
</kw>
<kw name="Click Element" library="SeleniumLibrary">
<arg>link=Emergency Contacts</arg>
<doc>Click the element identified by ``locator``.</doc>
<msg timestamp="20220317 16:57:20.894" level="INFO">Clicking element 'link=Emergency Contacts'.</msg>
<status status="PASS" starttime="20220317 16:57:20.894" endtime="20220317 16:57:22.453"/>
</kw>
<kw name="Click Element" library="SeleniumLibrary">
<arg>id=btnAddContact</arg>
<doc>Click the element identified by ``locator``.</doc>
<msg timestamp="20220317 16:57:22.454" level="INFO">Clicking element 'id=btnAddContact'.</msg>
<status status="PASS" starttime="20220317 16:57:22.453" endtime="20220317 16:57:22.548"/>
</kw>
<kw name="Input Text" library="SeleniumLibrary">
<arg>id=emgcontacts_name</arg>
<arg>${name}</arg>
<doc>Types the given ``text`` into the text field identified by ``locator``.</doc>
<msg timestamp="20220317 16:57:22.549" level="INFO">Typing text 'Sid' into text field 'id=emgcontacts_name'.</msg>
<status status="PASS" starttime="20220317 16:57:22.548" endtime="20220317 16:57:22.711"/>
</kw>
<kw name="Input Text" library="SeleniumLibrary">
<arg>id=emgcontacts_relationship</arg>
<arg>${relationship}</arg>
<doc>Types the given ``text`` into the text field identified by ``locator``.</doc>
<msg timestamp="20220317 16:57:22.712" level="INFO">Typing text 'Brother' into text field 'id=emgcontacts_relationship'.</msg>
<status status="PASS" starttime="20220317 16:57:22.711" endtime="20220317 16:57:22.877"/>
</kw>
<kw name="Input Text" library="SeleniumLibrary">
<arg>id=emgcontacts_homePhone</arg>
<arg>${home_telephone}</arg>
<doc>Types the given ``text`` into the text field identified by ``locator``.</doc>
<msg timestamp="20220317 16:57:22.878" level="INFO">Typing text '989898' into text field 'id=emgcontacts_homePhone'.</msg>
<status status="PASS" starttime="20220317 16:57:22.877" endtime="20220317 16:57:23.032"/>
</kw>
<kw name="Click Element" library="SeleniumLibrary">
<arg>id=btnSaveEContact</arg>
<doc>Click the element identified by ``locator``.</doc>
<msg timestamp="20220317 16:57:23.033" level="INFO">Clicking element 'id=btnSaveEContact'.</msg>
<status status="PASS" starttime="20220317 16:57:23.033" endtime="20220317 16:57:24.751"/>
</kw>
<kw name="Table Should Contain" library="SeleniumLibrary">
<arg>id=emgcontact_list</arg>
<arg>${name}</arg>
<doc>Verifies table contains text ``expected``.</doc>
<status status="PASS" starttime="20220317 16:57:24.751" endtime="20220317 16:57:25.243"/>
</kw>
<kw name="Table Should Contain" library="SeleniumLibrary">
<arg>id=emgcontact_list</arg>
<arg>${home_telephone}</arg>
<doc>Verifies table contains text ``expected``.</doc>
<status status="PASS" starttime="20220317 16:57:25.243" endtime="20220317 16:57:25.573"/>
</kw>
<status status="PASS" starttime="20220317 16:57:13.178" endtime="20220317 16:57:25.574"/>
</kw>
<kw name="Close Browser" library="SeleniumLibrary" type="TEARDOWN">
<doc>Closes the current browser.</doc>
<status status="PASS" starttime="20220317 16:57:25.574" endtime="20220317 16:57:27.945"/>
</kw>
<status status="PASS" starttime="20220317 16:57:04.224" endtime="20220317 16:57:27.946"/>
</test>
<doc>This suite handles test case related to emergency contact</doc>
<status status="PASS" starttime="20220317 16:56:38.837" endtime="20220317 16:57:27.949"/>
</suite>
<statistics>
<total>
<stat pass="2" fail="0" skip="0">All Tests</stat>
</total>
<tag>
</tag>
<suite>
<stat pass="2" fail="0" skip="0" id="s1" name="Verify Emergency Contact Suite">Verify Emergency Contact Suite</stat>
</suite>
</statistics>
<errors>
<msg timestamp="20220317 16:57:04.219" level="WARN">Multiple test cases with name 'TC1' executed in test suite 'Verify Emergency Contact Suite'.</msg>
</errors>
</robot>
