<?xml version="1.0" encoding="UTF-8"?>
<robot generator="Robot 4.1.3 (Python 3.10.2 on win32)" generated="20220318 10:40:59.857" rpa="false" schemaversion="2">
<suite id="s1" name="Verify Validcredential Suite" source="E:\LT_Technology_Services\Robot_Session\Robot_framework\login_suite\verify_validcredential_suite.robot">
<test id="s1-t1" name="Verify Valid Credential Test">
<kw name="Launch Browser" library="CommonFunctionality" type="SETUP">
<if>
<branch type="IF" condition="'${BROWSER_NAME}'=='edge'">
<kw name="Set Local Variable" library="BuiltIn">
<arg>${driver_name}</arg>
<arg>msedgedriver.exe</arg>
<doc>Makes a variable available everywhere within the local scope.</doc>
<msg timestamp="20220318 10:41:00.557" level="INFO">${driver_name} = msedgedriver.exe</msg>
<status status="PASS" starttime="20220318 10:41:00.555" endtime="20220318 10:41:00.557"/>
</kw>
<status status="PASS" starttime="20220318 10:41:00.554" endtime="20220318 10:41:00.557"/>
</branch>
<branch type="ELSE IF" condition="'${BROWSER_NAME}'== 'firefox'">
<kw name="Set Local Variable" library="BuiltIn">
<arg>${driver_name}</arg>
<arg>geckodriver.exe</arg>
<doc>Makes a variable available everywhere within the local scope.</doc>
<status status="NOT RUN" starttime="20220318 10:41:00.558" endtime="20220318 10:41:00.558"/>
</kw>
<status status="NOT RUN" starttime="20220318 10:41:00.557" endtime="20220318 10:41:00.558"/>
</branch>
<branch type="ELSE">
<kw name="Set Local Variable" library="BuiltIn">
<arg>${driver_name}</arg>
<arg>chromedriver.exe</arg>
<doc>Makes a variable available everywhere within the local scope.</doc>
<status status="NOT RUN" starttime="20220318 10:41:00.558" endtime="20220318 10:41:00.558"/>
</kw>
<status status="NOT RUN" starttime="20220318 10:41:00.558" endtime="20220318 10:41:00.558"/>
</branch>
<status status="PASS" starttime="20220318 10:41:00.553" endtime="20220318 10:41:00.558"/>
</if>
<kw name="Open Browser" library="SeleniumLibrary">
<arg>browser=${BROWSER_NAME}</arg>
<arg>executable_path=${EXECDIR}${/}driver${/}${driver_name}</arg>
<doc>Opens a new browser instance to the optional ``url``.</doc>
<msg timestamp="20220318 10:41:00.560" level="INFO">Opening browser 'edge' to base url 'None'.</msg>
<status status="PASS" starttime="20220318 10:41:00.559" endtime="20220318 10:41:03.228"/>
</kw>
<kw name="Maximize Browser Window" library="SeleniumLibrary">
<doc>Maximizes current browser window.</doc>
<status status="PASS" starttime="20220318 10:41:03.228" endtime="20220318 10:41:03.385"/>
</kw>
<kw name="Set Selenium Implicit Wait" library="SeleniumLibrary">
<arg>30s</arg>
<doc>Sets the implicit wait value used by Selenium.</doc>
<status status="PASS" starttime="20220318 10:41:03.386" endtime="20220318 10:41:03.390"/>
</kw>
<kw name="Set Screenshot Directory" library="SeleniumLibrary">
<arg>${EXECDIR}${/}screenshot</arg>
<doc>Sets the directory for captured screenshots.</doc>
<status status="PASS" starttime="20220318 10:41:03.391" endtime="20220318 10:41:03.392"/>
</kw>
<kw name="Go To" library="SeleniumLibrary">
<arg>url=${URL}</arg>
<doc>Navigates the current browser window to the provided ``url``.</doc>
<msg timestamp="20220318 10:41:03.393" level="INFO">Opening url 'https://opensource-demo.orangehrmlive.com/'</msg>
<status status="PASS" starttime="20220318 10:41:03.393" endtime="20220318 10:41:08.097"/>
</kw>
<status status="PASS" starttime="20220318 10:41:00.552" endtime="20220318 10:41:08.098"/>
</kw>
<kw name="Input Text" library="SeleniumLibrary">
<arg>id=txtUsername</arg>
<arg>Admin</arg>
<doc>Types the given ``text`` into the text field identified by ``locator``.</doc>
<msg timestamp="20220318 10:41:08.100" level="INFO">Typing text 'Admin' into text field 'id=txtUsername'.</msg>
<status status="PASS" starttime="20220318 10:41:08.099" endtime="20220318 10:41:08.330"/>
</kw>
<kw name="Input Password" library="SeleniumLibrary">
<arg>id=txtPassword</arg>
<arg>admin123</arg>
<doc>Types the given password into the text field identified by ``locator``.</doc>
<msg timestamp="20220318 10:41:08.334" level="INFO">Typing password into text field 'id=txtPassword'.</msg>
<msg timestamp="20220318 10:41:08.448" level="INFO">Temporally setting log level to: NONE</msg>
<msg timestamp="20220318 10:41:08.580" level="INFO">Log level changed from NONE to INFO.</msg>
<status status="PASS" starttime="20220318 10:41:08.333" endtime="20220318 10:41:08.581"/>
</kw>
<kw name="Click Element" library="SeleniumLibrary">
<arg>id=btnLogin</arg>
<doc>Click the element identified by ``locator``.</doc>
<msg timestamp="20220318 10:41:08.584" level="INFO">Clicking element 'id=btnLogin'.</msg>
<status status="PASS" starttime="20220318 10:41:08.582" endtime="20220318 10:41:13.768"/>
</kw>
<kw name="Page Should Contain" library="SeleniumLibrary">
<arg>My Info</arg>
<doc>Verifies that current page contains ``text``.</doc>
<msg timestamp="20220318 10:41:13.836" level="INFO">Current page contains text 'My Info'.</msg>
<status status="PASS" starttime="20220318 10:41:13.770" endtime="20220318 10:41:13.837"/>
</kw>
<kw name="Capture Page Screenshot" library="SeleniumLibrary">
<doc>Takes a screenshot of the current page and embeds it into a log file.</doc>
<msg timestamp="20220318 10:41:14.043" level="INFO" html="true">&lt;/td&gt;&lt;/tr&gt;&lt;tr&gt;&lt;td colspan="3"&gt;&lt;a href="screenshot/selenium-screenshot-1.png"&gt;&lt;img src="screenshot/selenium-screenshot-1.png" width="800px"&gt;&lt;/a&gt;</msg>
<status status="PASS" starttime="20220318 10:41:13.838" endtime="20220318 10:41:14.044"/>
</kw>
<kw name="Close Browser" library="SeleniumLibrary" type="TEARDOWN">
<doc>Closes the current browser.</doc>
<status status="PASS" starttime="20220318 10:41:14.045" endtime="20220318 10:41:17.938"/>
</kw>
<status status="PASS" starttime="20220318 10:41:00.549" endtime="20220318 10:41:17.939"/>
</test>
<doc>This suite willl handles all the test cases related to valid credentials test. Test case for orangehrm - TC_OH_2</doc>
<status status="PASS" starttime="20220318 10:40:59.861" endtime="20220318 10:41:17.942"/>
</suite>
<statistics>
<total>
<stat pass="1" fail="0" skip="0">All Tests</stat>
</total>
<tag>
</tag>
<suite>
<stat pass="1" fail="0" skip="0" id="s1" name="Verify Validcredential Suite">Verify Validcredential Suite</stat>
</suite>
</statistics>
<errors>
</errors>
</robot>
