<?xml version="1.0" encoding="UTF-8"?>
<robot generator="Robot 4.1.3 (Python 3.10.2 on win32)" generated="20220317 12:05:25.971" rpa="false" schemaversion="2">
<suite id="s1" name="Verify Validcredential Suite" source="E:\LT_Technology_Services\Robot_Session\Robot_framework\login_suite\verify_validcredential_suite.robot">
<test id="s1-t1" name="Verify Valid Credential Test">
<kw name="Launch Browser" library="CommonFunctionality">
<kw name="Open Browser" library="SeleniumLibrary">
<arg>browser=chrome</arg>
<arg>executable_path=${EXECDIR}${/}driver${/}chromedriver.exe</arg>
<doc>Opens a new browser instance to the optional ``url``.</doc>
<msg timestamp="20220317 12:05:26.487" level="INFO">Opening browser 'chrome' to base url 'None'.</msg>
<status status="PASS" starttime="20220317 12:05:26.486" endtime="20220317 12:05:28.542"/>
</kw>
<kw name="Maximize Browser Window" library="SeleniumLibrary">
<doc>Maximizes current browser window.</doc>
<status status="PASS" starttime="20220317 12:05:28.542" endtime="20220317 12:05:28.708"/>
</kw>
<kw name="Set Selenium Implicit Wait" library="SeleniumLibrary">
<arg>30s</arg>
<doc>Sets the implicit wait value used by Selenium.</doc>
<status status="PASS" starttime="20220317 12:05:28.708" endtime="20220317 12:05:28.712"/>
</kw>
<kw name="Go To" library="SeleniumLibrary">
<arg>url=https://opensource-demo.orangehrmlive.com/</arg>
<doc>Navigates the current browser window to the provided ``url``.</doc>
<msg timestamp="20220317 12:05:28.713" level="INFO">Opening url 'https://opensource-demo.orangehrmlive.com/'</msg>
<status status="PASS" starttime="20220317 12:05:28.712" endtime="20220317 12:05:32.710"/>
</kw>
<status status="PASS" starttime="20220317 12:05:26.485" endtime="20220317 12:05:32.710"/>
</kw>
<kw name="Input Text" library="SeleniumLibrary">
<arg>id=txtUsername</arg>
<arg>Admin</arg>
<doc>Types the given ``text`` into the text field identified by ``locator``.</doc>
<msg timestamp="20220317 12:05:32.713" level="INFO">Typing text 'Admin' into text field 'id=txtUsername'.</msg>
<status status="PASS" starttime="20220317 12:05:32.713" endtime="20220317 12:05:32.918"/>
</kw>
<kw name="Input Password" library="SeleniumLibrary">
<arg>id=txtPassword</arg>
<arg>admin123</arg>
<doc>Types the given password into the text field identified by ``locator``.</doc>
<msg timestamp="20220317 12:05:32.920" level="INFO">Typing password into text field 'id=txtPassword'.</msg>
<msg timestamp="20220317 12:05:33.012" level="INFO">Temporally setting log level to: NONE</msg>
<msg timestamp="20220317 12:05:33.111" level="INFO">Log level changed from NONE to INFO.</msg>
<status status="PASS" starttime="20220317 12:05:32.919" endtime="20220317 12:05:33.112"/>
</kw>
<kw name="Click Element" library="SeleniumLibrary">
<arg>id=btnLogin</arg>
<doc>Click the element identified by ``locator``.</doc>
<msg timestamp="20220317 12:05:33.113" level="INFO">Clicking element 'id=btnLogin'.</msg>
<status status="PASS" starttime="20220317 12:05:33.112" endtime="20220317 12:05:38.637"/>
</kw>
<kw name="Page Should Contain" library="SeleniumLibrary">
<arg>My Info</arg>
<doc>Verifies that current page contains ``text``.</doc>
<msg timestamp="20220317 12:05:38.675" level="INFO">Current page contains text 'My Info'.</msg>
<status status="PASS" starttime="20220317 12:05:38.639" endtime="20220317 12:05:38.675"/>
</kw>
<kw name="Close Browser" library="SeleniumLibrary" type="TEARDOWN">
<doc>Closes the current browser.</doc>
<status status="PASS" starttime="20220317 12:05:38.676" endtime="20220317 12:05:41.019"/>
</kw>
<status status="PASS" starttime="20220317 12:05:26.484" endtime="20220317 12:05:41.020"/>
</test>
<doc>This suite willl handles all the test cases related to valid credentials test. Test case for orangehrm - TC_OH_2</doc>
<status status="PASS" starttime="20220317 12:05:25.975" endtime="20220317 12:05:41.023"/>
</suite>
<statistics>
<total>
<stat pass="1" fail="0" skip="0">All Tests</stat>
</total>
<tag>
</tag>
<suite>
<stat pass="1" fail="0" skip="0" id="s1" name="Verify Validcredential Suite">Verify Validcredential Suite</stat>
</suite>
</statistics>
<errors>
</errors>
</robot>
