<?xml version="1.0" encoding="UTF-8"?>
<robot generator="Robot 4.1.3 (Python 3.10.2 on win32)" generated="20220317 12:35:11.534" rpa="false" schemaversion="2">
<suite id="s1" name="Verify Invalidcredential Suite" source="E:\LT_Technology_Services\Robot_Session\Robot_framework\login_suite\verify_invalidcredential_suite.robot">
<test id="s1-t1" name="Verify Valid Credential Test">
<kw name="Launch Browser" library="CommonFunctionality">
<kw name="Open Browser" library="SeleniumLibrary">
<arg>browser=${BROWSER_NAME}</arg>
<arg>executable_path=${EXECDIR}${/}driver${/}chromedriver.exe</arg>
<doc>Opens a new browser instance to the optional ``url``.</doc>
<msg timestamp="20220317 12:35:12.025" level="INFO">Opening browser 'chrome' to base url 'None'.</msg>
<status status="PASS" starttime="20220317 12:35:12.024" endtime="20220317 12:35:14.037"/>
</kw>
<kw name="Maximize Browser Window" library="SeleniumLibrary">
<doc>Maximizes current browser window.</doc>
<status status="PASS" starttime="20220317 12:35:14.038" endtime="20220317 12:35:14.171"/>
</kw>
<kw name="Set Selenium Implicit Wait" library="SeleniumLibrary">
<arg>30s</arg>
<doc>Sets the implicit wait value used by Selenium.</doc>
<status status="PASS" starttime="20220317 12:35:14.172" endtime="20220317 12:35:14.198"/>
</kw>
<kw name="Go To" library="SeleniumLibrary">
<arg>url=${URL}</arg>
<doc>Navigates the current browser window to the provided ``url``.</doc>
<msg timestamp="20220317 12:35:14.200" level="INFO">Opening url 'https://opensource-demo.orangehrmlive.com/'</msg>
<status status="PASS" starttime="20220317 12:35:14.198" endtime="20220317 12:35:20.459"/>
</kw>
<status status="PASS" starttime="20220317 12:35:12.023" endtime="20220317 12:35:20.459"/>
</kw>
<kw name="Input Text" library="SeleniumLibrary">
<arg>id=txtUsername</arg>
<arg>Anup</arg>
<doc>Types the given ``text`` into the text field identified by ``locator``.</doc>
<msg timestamp="20220317 12:35:20.461" level="INFO">Typing text 'Anup' into text field 'id=txtUsername'.</msg>
<status status="PASS" starttime="20220317 12:35:20.460" endtime="20220317 12:35:20.646"/>
</kw>
<kw name="Input Password" library="SeleniumLibrary">
<arg>id=txtPassword</arg>
<arg>anup123</arg>
<doc>Types the given password into the text field identified by ``locator``.</doc>
<msg timestamp="20220317 12:35:20.649" level="INFO">Typing password into text field 'id=txtPassword'.</msg>
<msg timestamp="20220317 12:35:20.724" level="INFO">Temporally setting log level to: NONE</msg>
<msg timestamp="20220317 12:35:20.820" level="INFO">Log level changed from NONE to INFO.</msg>
<status status="PASS" starttime="20220317 12:35:20.648" endtime="20220317 12:35:20.820"/>
</kw>
<kw name="Click Element" library="SeleniumLibrary">
<arg>id=btnLogin</arg>
<doc>Click the element identified by ``locator``.</doc>
<msg timestamp="20220317 12:35:20.822" level="INFO">Clicking element 'id=btnLogin'.</msg>
<status status="PASS" starttime="20220317 12:35:20.821" endtime="20220317 12:35:22.464"/>
</kw>
<kw name="Element Text Should Be" library="SeleniumLibrary">
<arg>xpath=//span[text()='Invalid credentials']</arg>
<arg>Invalid credentials</arg>
<doc>Verifies that element ``locator`` contains exact the text ``expected``.</doc>
<msg timestamp="20220317 12:35:22.466" level="INFO">Verifying element 'xpath=//span[text()='Invalid credentials']' contains exact text 'Invalid credentials'.</msg>
<status status="PASS" starttime="20220317 12:35:22.465" endtime="20220317 12:35:22.510"/>
</kw>
<kw name="Close Browser" library="SeleniumLibrary" type="TEARDOWN">
<doc>Closes the current browser.</doc>
<status status="PASS" starttime="20220317 12:35:22.510" endtime="20220317 12:35:24.782"/>
</kw>
<status status="PASS" starttime="20220317 12:35:12.022" endtime="20220317 12:35:24.784"/>
</test>
<doc>This suite willl handles all the test cases related to valid credentials test. Test case for orangehrm - TC_OH_2</doc>
<status status="PASS" starttime="20220317 12:35:11.536" endtime="20220317 12:35:24.791"/>
</suite>
<statistics>
<total>
<stat pass="1" fail="0" skip="0">All Tests</stat>
</total>
<tag>
</tag>
<suite>
<stat pass="1" fail="0" skip="0" id="s1" name="Verify Invalidcredential Suite">Verify Invalidcredential Suite</stat>
</suite>
</statistics>
<errors>
</errors>
</robot>
