<?xml version="1.0" encoding="UTF-8"?>
<robot generator="Robot 4.1.3 (Python 3.10.2 on win32)" generated="20220318 10:30:15.865" rpa="false" schemaversion="2">
<suite id="s1" name="Verify Membership Suite" source="E:\LT_Technology_Services\Robot_Session\Robot_framework\my_info_suite\verify_membership_suite.robot">
<test id="s1-t1" name="Verify Add Membership Test">
<kw name="Launch Browser" library="CommonFunctionality" type="SETUP">
<if>
<branch type="IF" condition="'${BROWSER_NAME}'=='edge'">
<kw name="Set Local Variable" library="BuiltIn">
<arg>${driver_name}</arg>
<arg>msedgedriver.exe</arg>
<doc>Makes a variable available everywhere within the local scope.</doc>
<msg timestamp="20220318 10:30:20.868" level="INFO">${driver_name} = msedgedriver.exe</msg>
<status status="PASS" starttime="20220318 10:30:20.866" endtime="20220318 10:30:20.869"/>
</kw>
<status status="PASS" starttime="20220318 10:30:20.866" endtime="20220318 10:30:20.869"/>
</branch>
<branch type="ELSE IF" condition="'${BROWSER_NAME}'== 'firefox'">
<kw name="Set Local Variable" library="BuiltIn">
<arg>${driver_name}</arg>
<arg>geckodriver.exe</arg>
<doc>Makes a variable available everywhere within the local scope.</doc>
<status status="NOT RUN" starttime="20220318 10:30:20.869" endtime="20220318 10:30:20.869"/>
</kw>
<status status="NOT RUN" starttime="20220318 10:30:20.869" endtime="20220318 10:30:20.870"/>
</branch>
<branch type="ELSE">
<kw name="Set Local Variable" library="BuiltIn">
<arg>${driver_name}</arg>
<arg>chromedriver.exe</arg>
<doc>Makes a variable available everywhere within the local scope.</doc>
<status status="NOT RUN" starttime="20220318 10:30:20.870" endtime="20220318 10:30:20.870"/>
</kw>
<status status="NOT RUN" starttime="20220318 10:30:20.870" endtime="20220318 10:30:20.870"/>
</branch>
<status status="PASS" starttime="20220318 10:30:20.865" endtime="20220318 10:30:20.870"/>
</if>
<kw name="Open Browser" library="SeleniumLibrary">
<arg>browser=${BROWSER_NAME}</arg>
<arg>executable_path=${EXECDIR}${/}driver${/}${driver_name}</arg>
<doc>Opens a new browser instance to the optional ``url``.</doc>
<msg timestamp="20220318 10:30:20.872" level="INFO">Opening browser 'edge' to base url 'None'.</msg>
<status status="PASS" starttime="20220318 10:30:20.871" endtime="20220318 10:30:23.177"/>
</kw>
<kw name="Maximize Browser Window" library="SeleniumLibrary">
<doc>Maximizes current browser window.</doc>
<status status="PASS" starttime="20220318 10:30:23.177" endtime="20220318 10:30:23.361"/>
</kw>
<kw name="Set Selenium Implicit Wait" library="SeleniumLibrary">
<arg>30s</arg>
<doc>Sets the implicit wait value used by Selenium.</doc>
<status status="PASS" starttime="20220318 10:30:23.361" endtime="20220318 10:30:23.367"/>
</kw>
<kw name="Go To" library="SeleniumLibrary">
<arg>url=${URL}</arg>
<doc>Navigates the current browser window to the provided ``url``.</doc>
<msg timestamp="20220318 10:30:23.368" level="INFO">Opening url 'https://opensource-demo.orangehrmlive.com/'</msg>
<status status="PASS" starttime="20220318 10:30:23.367" endtime="20220318 10:30:28.907"/>
</kw>
<status status="PASS" starttime="20220318 10:30:20.865" endtime="20220318 10:30:28.908"/>
</kw>
<kw name="Verify Add Membership Template">
<arg>Admin</arg>
<arg>admin123</arg>
<arg>CIMA</arg>
<arg>Company</arg>
<arg>500</arg>
<arg>Indian Rupee</arg>
<kw name="Input Text" library="SeleniumLibrary">
<arg>id=txtUsername</arg>
<arg>${username}</arg>
<doc>Types the given ``text`` into the text field identified by ``locator``.</doc>
<msg timestamp="20220318 10:30:28.912" level="INFO">Typing text 'Admin' into text field 'id=txtUsername'.</msg>
<status status="PASS" starttime="20220318 10:30:28.911" endtime="20220318 10:30:29.134"/>
</kw>
<kw name="Input Password" library="SeleniumLibrary">
<arg>id=txtPassword</arg>
<arg>${password}</arg>
<doc>Types the given password into the text field identified by ``locator``.</doc>
<msg timestamp="20220318 10:30:29.136" level="INFO">Typing password into text field 'id=txtPassword'.</msg>
<msg timestamp="20220318 10:30:29.236" level="INFO">Temporally setting log level to: NONE</msg>
<msg timestamp="20220318 10:30:29.358" level="INFO">Log level changed from NONE to INFO.</msg>
<status status="PASS" starttime="20220318 10:30:29.135" endtime="20220318 10:30:29.358"/>
</kw>
<kw name="Click Element" library="SeleniumLibrary">
<arg>id=btnLogin</arg>
<doc>Click the element identified by ``locator``.</doc>
<msg timestamp="20220318 10:30:29.359" level="INFO">Clicking element 'id=btnLogin'.</msg>
<status status="PASS" starttime="20220318 10:30:29.358" endtime="20220318 10:30:34.398"/>
</kw>
<kw name="Page Should Contain" library="SeleniumLibrary">
<arg>My Info</arg>
<doc>Verifies that current page contains ``text``.</doc>
<msg timestamp="20220318 10:30:34.437" level="INFO">Current page contains text 'My Info'.</msg>
<status status="PASS" starttime="20220318 10:30:34.399" endtime="20220318 10:30:34.437"/>
</kw>
<kw name="Click Element" library="SeleniumLibrary">
<arg>link=My Info</arg>
<doc>Click the element identified by ``locator``.</doc>
<msg timestamp="20220318 10:30:34.439" level="INFO">Clicking element 'link=My Info'.</msg>
<status status="PASS" starttime="20220318 10:30:34.438" endtime="20220318 10:30:36.528"/>
</kw>
<kw name="Click Element" library="SeleniumLibrary">
<arg>link=Memberships</arg>
<doc>Click the element identified by ``locator``.</doc>
<msg timestamp="20220318 10:30:36.529" level="INFO">Clicking element 'link=Memberships'.</msg>
<status status="PASS" starttime="20220318 10:30:36.528" endtime="20220318 10:30:38.024"/>
</kw>
<kw name="Click Element" library="SeleniumLibrary">
<arg>id=btnAddMembershipDetail</arg>
<doc>Click the element identified by ``locator``.</doc>
<msg timestamp="20220318 10:30:38.024" level="INFO">Clicking element 'id=btnAddMembershipDetail'.</msg>
<status status="PASS" starttime="20220318 10:30:38.024" endtime="20220318 10:30:38.135"/>
</kw>
<kw name="Click Element" library="SeleniumLibrary">
<arg>id=membership_membership</arg>
<doc>Click the element identified by ``locator``.</doc>
<msg timestamp="20220318 10:30:38.137" level="INFO">Clicking element 'id=membership_membership'.</msg>
<status status="PASS" starttime="20220318 10:30:38.136" endtime="20220318 10:30:38.238"/>
</kw>
<kw name="Select From List By Label" library="SeleniumLibrary">
<arg>id=membership_membership</arg>
<arg>${membership}</arg>
<doc>Selects options from selection list ``locator`` by ``labels``.</doc>
<msg timestamp="20220318 10:30:38.239" level="INFO">Selecting options from selection list 'id=membership_membership' by label CIMA.</msg>
<status status="PASS" starttime="20220318 10:30:38.238" endtime="20220318 10:30:38.354"/>
</kw>
<kw name="Click Element" library="SeleniumLibrary">
<arg>id=membership_subscriptionPaidBy</arg>
<doc>Click the element identified by ``locator``.</doc>
<msg timestamp="20220318 10:30:38.355" level="INFO">Clicking element 'id=membership_subscriptionPaidBy'.</msg>
<status status="PASS" starttime="20220318 10:30:38.354" endtime="20220318 10:30:38.501"/>
</kw>
<kw name="Select From List By Label" library="SeleniumLibrary">
<arg>id=membership_subscriptionPaidBy</arg>
<arg>${subscription_paid_by}</arg>
<doc>Selects options from selection list ``locator`` by ``labels``.</doc>
<msg timestamp="20220318 10:30:38.503" level="INFO">Selecting options from selection list 'id=membership_subscriptionPaidBy' by label Company.</msg>
<status status="PASS" starttime="20220318 10:30:38.502" endtime="20220318 10:30:38.615"/>
</kw>
<kw name="Input Text" library="SeleniumLibrary">
<arg>id=membership_subscriptionAmount</arg>
<arg>${subscription_amount}</arg>
<doc>Types the given ``text`` into the text field identified by ``locator``.</doc>
<msg timestamp="20220318 10:30:38.617" level="INFO">Typing text '500' into text field 'id=membership_subscriptionAmount'.</msg>
<status status="PASS" starttime="20220318 10:30:38.615" endtime="20220318 10:30:38.783"/>
</kw>
<kw name="Click Element" library="SeleniumLibrary">
<arg>id=membership_currency</arg>
<doc>Click the element identified by ``locator``.</doc>
<msg timestamp="20220318 10:30:38.785" level="INFO">Clicking element 'id=membership_currency'.</msg>
<status status="PASS" starttime="20220318 10:30:38.784" endtime="20220318 10:30:38.923"/>
</kw>
<kw name="Select From List By Label" library="SeleniumLibrary">
<arg>id=membership_currency</arg>
<arg>${currency}</arg>
<doc>Selects options from selection list ``locator`` by ``labels``.</doc>
<msg timestamp="20220318 10:30:38.924" level="INFO">Selecting options from selection list 'id=membership_currency' by label Indian Rupee.</msg>
<status status="PASS" starttime="20220318 10:30:38.923" endtime="20220318 10:30:39.062"/>
</kw>
<kw name="Click Element" library="SeleniumLibrary">
<arg>id=btnSaveMembership</arg>
<doc>Click the element identified by ``locator``.</doc>
<msg timestamp="20220318 10:30:39.064" level="INFO">Clicking element 'id=btnSaveMembership'.</msg>
<status status="PASS" starttime="20220318 10:30:39.063" endtime="20220318 10:30:40.831"/>
</kw>
<kw name="Table Should Contain" library="SeleniumLibrary">
<arg>id=listMembershipDetails</arg>
<arg>${membership}</arg>
<doc>Verifies table contains text ``expected``.</doc>
<status status="PASS" starttime="20220318 10:30:40.832" endtime="20220318 10:30:41.020"/>
</kw>
<kw name="Table Should Contain" library="SeleniumLibrary">
<arg>id=listMembershipDetails</arg>
<arg>${subscription_amount}</arg>
<doc>Verifies table contains text ``expected``.</doc>
<status status="PASS" starttime="20220318 10:30:41.020" endtime="20220318 10:30:41.165"/>
</kw>
<status status="PASS" starttime="20220318 10:30:28.909" endtime="20220318 10:30:41.166"/>
</kw>
<kw name="Close Browser" library="SeleniumLibrary" type="TEARDOWN">
<doc>Closes the current browser.</doc>
<status status="PASS" starttime="20220318 10:30:41.167" endtime="20220318 10:30:43.678"/>
</kw>
<status status="PASS" starttime="20220318 10:30:20.860" endtime="20220318 10:30:43.679"/>
</test>
<test id="s1-t2" name="Verify Add Membership Test">
<kw name="Launch Browser" library="CommonFunctionality" type="SETUP">
<if>
<branch type="IF" condition="'${BROWSER_NAME}'=='edge'">
<kw name="Set Local Variable" library="BuiltIn">
<arg>${driver_name}</arg>
<arg>msedgedriver.exe</arg>
<doc>Makes a variable available everywhere within the local scope.</doc>
<msg timestamp="20220318 10:30:43.691" level="INFO">${driver_name} = msedgedriver.exe</msg>
<status status="PASS" starttime="20220318 10:30:43.688" endtime="20220318 10:30:43.691"/>
</kw>
<status status="PASS" starttime="20220318 10:30:43.688" endtime="20220318 10:30:43.691"/>
</branch>
<branch type="ELSE IF" condition="'${BROWSER_NAME}'== 'firefox'">
<kw name="Set Local Variable" library="BuiltIn">
<arg>${driver_name}</arg>
<arg>geckodriver.exe</arg>
<doc>Makes a variable available everywhere within the local scope.</doc>
<status status="NOT RUN" starttime="20220318 10:30:43.692" endtime="20220318 10:30:43.692"/>
</kw>
<status status="NOT RUN" starttime="20220318 10:30:43.691" endtime="20220318 10:30:43.692"/>
</branch>
<branch type="ELSE">
<kw name="Set Local Variable" library="BuiltIn">
<arg>${driver_name}</arg>
<arg>chromedriver.exe</arg>
<doc>Makes a variable available everywhere within the local scope.</doc>
<status status="NOT RUN" starttime="20220318 10:30:43.692" endtime="20220318 10:30:43.693"/>
</kw>
<status status="NOT RUN" starttime="20220318 10:30:43.692" endtime="20220318 10:30:43.693"/>
</branch>
<status status="PASS" starttime="20220318 10:30:43.687" endtime="20220318 10:30:43.693"/>
</if>
<kw name="Open Browser" library="SeleniumLibrary">
<arg>browser=${BROWSER_NAME}</arg>
<arg>executable_path=${EXECDIR}${/}driver${/}${driver_name}</arg>
<doc>Opens a new browser instance to the optional ``url``.</doc>
<msg timestamp="20220318 10:30:43.695" level="INFO">Opening browser 'edge' to base url 'None'.</msg>
<status status="PASS" starttime="20220318 10:30:43.693" endtime="20220318 10:30:45.812"/>
</kw>
<kw name="Maximize Browser Window" library="SeleniumLibrary">
<doc>Maximizes current browser window.</doc>
<status status="PASS" starttime="20220318 10:30:45.812" endtime="20220318 10:30:45.973"/>
</kw>
<kw name="Set Selenium Implicit Wait" library="SeleniumLibrary">
<arg>30s</arg>
<doc>Sets the implicit wait value used by Selenium.</doc>
<status status="PASS" starttime="20220318 10:30:45.973" endtime="20220318 10:30:45.978"/>
</kw>
<kw name="Go To" library="SeleniumLibrary">
<arg>url=${URL}</arg>
<doc>Navigates the current browser window to the provided ``url``.</doc>
<msg timestamp="20220318 10:30:45.980" level="INFO">Opening url 'https://opensource-demo.orangehrmlive.com/'</msg>
<status status="PASS" starttime="20220318 10:30:45.979" endtime="20220318 10:30:50.872"/>
</kw>
<status status="PASS" starttime="20220318 10:30:43.687" endtime="20220318 10:30:50.872"/>
</kw>
<kw name="Verify Add Membership Template">
<arg>Admin</arg>
<arg>admin123</arg>
<arg>ACCA</arg>
<arg>Individual</arg>
<arg>600</arg>
<arg>Indian Rupee</arg>
<kw name="Input Text" library="SeleniumLibrary">
<arg>id=txtUsername</arg>
<arg>${username}</arg>
<doc>Types the given ``text`` into the text field identified by ``locator``.</doc>
<msg timestamp="20220318 10:30:50.876" level="INFO">Typing text 'Admin' into text field 'id=txtUsername'.</msg>
<status status="PASS" starttime="20220318 10:30:50.875" endtime="20220318 10:30:51.089"/>
</kw>
<kw name="Input Password" library="SeleniumLibrary">
<arg>id=txtPassword</arg>
<arg>${password}</arg>
<doc>Types the given password into the text field identified by ``locator``.</doc>
<msg timestamp="20220318 10:30:51.090" level="INFO">Typing password into text field 'id=txtPassword'.</msg>
<msg timestamp="20220318 10:30:51.199" level="INFO">Temporally setting log level to: NONE</msg>
<msg timestamp="20220318 10:30:51.382" level="INFO">Log level changed from NONE to INFO.</msg>
<status status="PASS" starttime="20220318 10:30:51.089" endtime="20220318 10:30:51.383"/>
</kw>
<kw name="Click Element" library="SeleniumLibrary">
<arg>id=btnLogin</arg>
<doc>Click the element identified by ``locator``.</doc>
<msg timestamp="20220318 10:30:51.384" level="INFO">Clicking element 'id=btnLogin'.</msg>
<status status="PASS" starttime="20220318 10:30:51.383" endtime="20220318 10:30:56.544"/>
</kw>
<kw name="Page Should Contain" library="SeleniumLibrary">
<arg>My Info</arg>
<doc>Verifies that current page contains ``text``.</doc>
<msg timestamp="20220318 10:30:56.586" level="INFO">Current page contains text 'My Info'.</msg>
<status status="PASS" starttime="20220318 10:30:56.544" endtime="20220318 10:30:56.586"/>
</kw>
<kw name="Click Element" library="SeleniumLibrary">
<arg>link=My Info</arg>
<doc>Click the element identified by ``locator``.</doc>
<msg timestamp="20220318 10:30:56.587" level="INFO">Clicking element 'link=My Info'.</msg>
<status status="PASS" starttime="20220318 10:30:56.587" endtime="20220318 10:30:58.677"/>
</kw>
<kw name="Click Element" library="SeleniumLibrary">
<arg>link=Memberships</arg>
<doc>Click the element identified by ``locator``.</doc>
<msg timestamp="20220318 10:30:58.678" level="INFO">Clicking element 'link=Memberships'.</msg>
<status status="PASS" starttime="20220318 10:30:58.677" endtime="20220318 10:31:00.212"/>
</kw>
<kw name="Click Element" library="SeleniumLibrary">
<arg>id=btnAddMembershipDetail</arg>
<doc>Click the element identified by ``locator``.</doc>
<msg timestamp="20220318 10:31:00.214" level="INFO">Clicking element 'id=btnAddMembershipDetail'.</msg>
<status status="PASS" starttime="20220318 10:31:00.213" endtime="20220318 10:31:00.333"/>
</kw>
<kw name="Click Element" library="SeleniumLibrary">
<arg>id=membership_membership</arg>
<doc>Click the element identified by ``locator``.</doc>
<msg timestamp="20220318 10:31:00.334" level="INFO">Clicking element 'id=membership_membership'.</msg>
<status status="PASS" starttime="20220318 10:31:00.333" endtime="20220318 10:31:00.450"/>
</kw>
<kw name="Select From List By Label" library="SeleniumLibrary">
<arg>id=membership_membership</arg>
<arg>${membership}</arg>
<doc>Selects options from selection list ``locator`` by ``labels``.</doc>
<msg timestamp="20220318 10:31:00.455" level="INFO">Selecting options from selection list 'id=membership_membership' by label ACCA.</msg>
<status status="PASS" starttime="20220318 10:31:00.450" endtime="20220318 10:31:00.591"/>
</kw>
<kw name="Click Element" library="SeleniumLibrary">
<arg>id=membership_subscriptionPaidBy</arg>
<doc>Click the element identified by ``locator``.</doc>
<msg timestamp="20220318 10:31:00.593" level="INFO">Clicking element 'id=membership_subscriptionPaidBy'.</msg>
<status status="PASS" starttime="20220318 10:31:00.592" endtime="20220318 10:31:00.737"/>
</kw>
<kw name="Select From List By Label" library="SeleniumLibrary">
<arg>id=membership_subscriptionPaidBy</arg>
<arg>${subscription_paid_by}</arg>
<doc>Selects options from selection list ``locator`` by ``labels``.</doc>
<msg timestamp="20220318 10:31:00.740" level="INFO">Selecting options from selection list 'id=membership_subscriptionPaidBy' by label Individual.</msg>
<status status="PASS" starttime="20220318 10:31:00.738" endtime="20220318 10:31:00.844"/>
</kw>
<kw name="Input Text" library="SeleniumLibrary">
<arg>id=membership_subscriptionAmount</arg>
<arg>${subscription_amount}</arg>
<doc>Types the given ``text`` into the text field identified by ``locator``.</doc>
<msg timestamp="20220318 10:31:00.845" level="INFO">Typing text '600' into text field 'id=membership_subscriptionAmount'.</msg>
<status status="PASS" starttime="20220318 10:31:00.844" endtime="20220318 10:31:01.013"/>
</kw>
<kw name="Click Element" library="SeleniumLibrary">
<arg>id=membership_currency</arg>
<doc>Click the element identified by ``locator``.</doc>
<msg timestamp="20220318 10:31:01.013" level="INFO">Clicking element 'id=membership_currency'.</msg>
<status status="PASS" starttime="20220318 10:31:01.013" endtime="20220318 10:31:01.148"/>
</kw>
<kw name="Select From List By Label" library="SeleniumLibrary">
<arg>id=membership_currency</arg>
<arg>${currency}</arg>
<doc>Selects options from selection list ``locator`` by ``labels``.</doc>
<msg timestamp="20220318 10:31:01.149" level="INFO">Selecting options from selection list 'id=membership_currency' by label Indian Rupee.</msg>
<status status="PASS" starttime="20220318 10:31:01.148" endtime="20220318 10:31:01.291"/>
</kw>
<kw name="Click Element" library="SeleniumLibrary">
<arg>id=btnSaveMembership</arg>
<doc>Click the element identified by ``locator``.</doc>
<msg timestamp="20220318 10:31:01.292" level="INFO">Clicking element 'id=btnSaveMembership'.</msg>
<status status="PASS" starttime="20220318 10:31:01.291" endtime="20220318 10:31:03.351"/>
</kw>
<kw name="Table Should Contain" library="SeleniumLibrary">
<arg>id=listMembershipDetails</arg>
<arg>${membership}</arg>
<doc>Verifies table contains text ``expected``.</doc>
<status status="PASS" starttime="20220318 10:31:03.351" endtime="20220318 10:31:03.565"/>
</kw>
<kw name="Table Should Contain" library="SeleniumLibrary">
<arg>id=listMembershipDetails</arg>
<arg>${subscription_amount}</arg>
<doc>Verifies table contains text ``expected``.</doc>
<status status="PASS" starttime="20220318 10:31:03.565" endtime="20220318 10:31:03.698"/>
</kw>
<status status="PASS" starttime="20220318 10:30:50.873" endtime="20220318 10:31:03.698"/>
</kw>
<kw name="Close Browser" library="SeleniumLibrary" type="TEARDOWN">
<doc>Closes the current browser.</doc>
<status status="PASS" starttime="20220318 10:31:03.699" endtime="20220318 10:31:06.324"/>
</kw>
<status status="PASS" starttime="20220318 10:30:43.683" endtime="20220318 10:31:06.325"/>
</test>
<doc>This suite handles test case related to Memberships</doc>
<status status="PASS" starttime="20220318 10:30:15.869" endtime="20220318 10:31:06.328"/>
</suite>
<statistics>
<total>
<stat pass="2" fail="0" skip="0">All Tests</stat>
</total>
<tag>
</tag>
<suite>
<stat pass="2" fail="0" skip="0" id="s1" name="Verify Membership Suite">Verify Membership Suite</stat>
</suite>
</statistics>
<errors>
<msg timestamp="20220318 10:30:43.681" level="WARN">Multiple test cases with name 'Verify Add Membership Test' executed in test suite 'Verify Membership Suite'.</msg>
</errors>
</robot>
