<?xml version="1.0" encoding="UTF-8"?>
<robot generator="Robot 4.1.3 (Python 3.10.2 on win32)" generated="20220317 15:27:07.804" rpa="false" schemaversion="2">
<suite id="s1" name="Verify Emergency Contact Suite" source="E:\LT_Technology_Services\Robot_Session\Robot_framework\my_info_suite\verify_emergency_contact_suite.robot">
<test id="s1-t1" name="TC1">
<kw name="Launch Browser" library="CommonFunctionality" type="SETUP">
<kw name="Open Browser" library="SeleniumLibrary">
<arg>browser=${BROWSER_NAME}</arg>
<arg>executable_path=${EXECDIR}${/}driver${/}chromedriver.exe</arg>
<doc>Opens a new browser instance to the optional ``url``.</doc>
<msg timestamp="20220317 15:27:08.302" level="INFO">Opening browser 'chrome' to base url 'None'.</msg>
<status status="PASS" starttime="20220317 15:27:08.300" endtime="20220317 15:27:10.280"/>
</kw>
<kw name="Maximize Browser Window" library="SeleniumLibrary">
<doc>Maximizes current browser window.</doc>
<status status="PASS" starttime="20220317 15:27:10.280" endtime="20220317 15:27:10.492"/>
</kw>
<kw name="Set Selenium Implicit Wait" library="SeleniumLibrary">
<arg>30s</arg>
<doc>Sets the implicit wait value used by Selenium.</doc>
<status status="PASS" starttime="20220317 15:27:10.492" endtime="20220317 15:27:10.496"/>
</kw>
<kw name="Go To" library="SeleniumLibrary">
<arg>url=${URL}</arg>
<doc>Navigates the current browser window to the provided ``url``.</doc>
<msg timestamp="20220317 15:27:10.497" level="INFO">Opening url 'https://opensource-demo.orangehrmlive.com/'</msg>
<status status="PASS" starttime="20220317 15:27:10.496" endtime="20220317 15:27:16.608"/>
</kw>
<status status="PASS" starttime="20220317 15:27:08.300" endtime="20220317 15:27:16.609"/>
</kw>
<kw name="Verify Add Emergency Contact Test">
<arg>Admin</arg>
<arg>admin123</arg>
<arg>John</arg>
<arg>Brother</arg>
<arg>787878</arg>
<kw name="Input Text" library="SeleniumLibrary">
<arg>id=txtUsername</arg>
<arg>${username}</arg>
<doc>Types the given ``text`` into the text field identified by ``locator``.</doc>
<msg timestamp="20220317 15:27:16.613" level="INFO">Typing text 'Admin' into text field 'id=txtUsername'.</msg>
<status status="PASS" starttime="20220317 15:27:16.611" endtime="20220317 15:27:16.868"/>
</kw>
<kw name="Input Password" library="SeleniumLibrary">
<arg>id=txtPassword</arg>
<arg>${password}</arg>
<doc>Types the given password into the text field identified by ``locator``.</doc>
<msg timestamp="20220317 15:27:16.869" level="INFO">Typing password into text field 'id=txtPassword'.</msg>
<msg timestamp="20220317 15:27:16.957" level="INFO">Temporally setting log level to: NONE</msg>
<msg timestamp="20220317 15:27:17.051" level="INFO">Log level changed from NONE to INFO.</msg>
<status status="PASS" starttime="20220317 15:27:16.868" endtime="20220317 15:27:17.051"/>
</kw>
<kw name="Click Element" library="SeleniumLibrary">
<arg>id=btnLogin</arg>
<doc>Click the element identified by ``locator``.</doc>
<msg timestamp="20220317 15:27:17.052" level="INFO">Clicking element 'id=btnLogin'.</msg>
<status status="PASS" starttime="20220317 15:27:17.052" endtime="20220317 15:27:22.368"/>
</kw>
<kw name="Page Should Contain" library="SeleniumLibrary">
<arg>My Info</arg>
<doc>Verifies that current page contains ``text``.</doc>
<msg timestamp="20220317 15:27:22.410" level="INFO">Current page contains text 'My Info'.</msg>
<status status="PASS" starttime="20220317 15:27:22.369" endtime="20220317 15:27:22.410"/>
</kw>
<kw name="Click Element" library="SeleniumLibrary">
<arg>link=My Info</arg>
<doc>Click the element identified by ``locator``.</doc>
<msg timestamp="20220317 15:27:22.411" level="INFO">Clicking element 'link=My Info'.</msg>
<status status="PASS" starttime="20220317 15:27:22.411" endtime="20220317 15:27:27.394"/>
</kw>
<kw name="Click Element" library="SeleniumLibrary">
<arg>link=Emergency Contacts</arg>
<doc>Click the element identified by ``locator``.</doc>
<msg timestamp="20220317 15:27:27.395" level="INFO">Clicking element 'link=Emergency Contacts'.</msg>
<status status="PASS" starttime="20220317 15:27:27.395" endtime="20220317 15:27:28.479"/>
</kw>
<kw name="Click Element" library="SeleniumLibrary">
<arg>id=btnAddContact</arg>
<doc>Click the element identified by ``locator``.</doc>
<msg timestamp="20220317 15:27:28.480" level="INFO">Clicking element 'id=btnAddContact'.</msg>
<status status="PASS" starttime="20220317 15:27:28.479" endtime="20220317 15:27:28.577"/>
</kw>
<kw name="Input Text" library="SeleniumLibrary">
<arg>id=emgcontacts_name</arg>
<arg>${name}</arg>
<doc>Types the given ``text`` into the text field identified by ``locator``.</doc>
<msg timestamp="20220317 15:27:28.578" level="INFO">Typing text 'John' into text field 'id=emgcontacts_name'.</msg>
<status status="PASS" starttime="20220317 15:27:28.577" endtime="20220317 15:27:28.736"/>
</kw>
<kw name="Input Text" library="SeleniumLibrary">
<arg>id=emgcontacts_relationship</arg>
<arg>${relationshi}</arg>
<doc>Types the given ``text`` into the text field identified by ``locator``.</doc>
<msg timestamp="20220317 15:27:28.737" level="INFO">Typing text 'Brother' into text field 'id=emgcontacts_relationship'.</msg>
<status status="PASS" starttime="20220317 15:27:28.736" endtime="20220317 15:27:28.936"/>
</kw>
<kw name="Input Text" library="SeleniumLibrary">
<arg>id=emgcontacts_homePhone</arg>
<arg>${home_telephone}</arg>
<doc>Types the given ``text`` into the text field identified by ``locator``.</doc>
<msg timestamp="20220317 15:27:28.937" level="INFO">Typing text '787878' into text field 'id=emgcontacts_homePhone'.</msg>
<status status="PASS" starttime="20220317 15:27:28.936" endtime="20220317 15:27:29.126"/>
</kw>
<kw name="Click Element" library="SeleniumLibrary">
<arg>id=btnSaveEContact</arg>
<doc>Click the element identified by ``locator``.</doc>
<msg timestamp="20220317 15:27:29.128" level="INFO">Clicking element 'id=btnSaveEContact'.</msg>
<status status="PASS" starttime="20220317 15:27:29.127" endtime="20220317 15:27:30.876"/>
</kw>
<kw name="Table Should Contain" library="SeleniumLibrary">
<arg>id=emgcontact_list</arg>
<arg>${name}</arg>
<doc>Verifies table contains text ``expected``.</doc>
<status status="PASS" starttime="20220317 15:27:30.876" endtime="20220317 15:27:31.327"/>
</kw>
<kw name="Table Should Contain" library="SeleniumLibrary">
<arg>id=emgcontact_list</arg>
<arg>${home_telephone}</arg>
<doc>Verifies table contains text ``expected``.</doc>
<status status="PASS" starttime="20220317 15:27:31.328" endtime="20220317 15:27:31.628"/>
</kw>
<status status="PASS" starttime="20220317 15:27:16.610" endtime="20220317 15:27:31.628"/>
</kw>
<kw name="Close Browser" library="SeleniumLibrary" type="TEARDOWN">
<doc>Closes the current browser.</doc>
<status status="PASS" starttime="20220317 15:27:31.629" endtime="20220317 15:27:33.907"/>
</kw>
<status status="PASS" starttime="20220317 15:27:08.298" endtime="20220317 15:27:33.909"/>
</test>
<test id="s1-t2" name="TC2">
<kw name="Launch Browser" library="CommonFunctionality" type="SETUP">
<kw name="Open Browser" library="SeleniumLibrary">
<arg>browser=${BROWSER_NAME}</arg>
<arg>executable_path=${EXECDIR}${/}driver${/}chromedriver.exe</arg>
<doc>Opens a new browser instance to the optional ``url``.</doc>
<msg timestamp="20220317 15:27:33.920" level="INFO">Opening browser 'chrome' to base url 'None'.</msg>
<status status="PASS" starttime="20220317 15:27:33.917" endtime="20220317 15:27:35.893"/>
</kw>
<kw name="Maximize Browser Window" library="SeleniumLibrary">
<doc>Maximizes current browser window.</doc>
<status status="PASS" starttime="20220317 15:27:35.893" endtime="20220317 15:27:36.119"/>
</kw>
<kw name="Set Selenium Implicit Wait" library="SeleniumLibrary">
<arg>30s</arg>
<doc>Sets the implicit wait value used by Selenium.</doc>
<status status="PASS" starttime="20220317 15:27:36.119" endtime="20220317 15:27:36.122"/>
</kw>
<kw name="Go To" library="SeleniumLibrary">
<arg>url=${URL}</arg>
<doc>Navigates the current browser window to the provided ``url``.</doc>
<msg timestamp="20220317 15:27:36.123" level="INFO">Opening url 'https://opensource-demo.orangehrmlive.com/'</msg>
<status status="PASS" starttime="20220317 15:27:36.122" endtime="20220317 15:27:41.958"/>
</kw>
<status status="PASS" starttime="20220317 15:27:33.916" endtime="20220317 15:27:41.958"/>
</kw>
<kw name="Verify Add Emergency Contact Test">
<arg>Admin</arg>
<arg>admin123</arg>
<arg>Sandy</arg>
<arg>Sister</arg>
<arg>787005</arg>
<kw name="Input Text" library="SeleniumLibrary">
<arg>id=txtUsername</arg>
<arg>${username}</arg>
<doc>Types the given ``text`` into the text field identified by ``locator``.</doc>
<msg timestamp="20220317 15:27:41.961" level="INFO">Typing text 'Admin' into text field 'id=txtUsername'.</msg>
<status status="PASS" starttime="20220317 15:27:41.960" endtime="20220317 15:27:42.132"/>
</kw>
<kw name="Input Password" library="SeleniumLibrary">
<arg>id=txtPassword</arg>
<arg>${password}</arg>
<doc>Types the given password into the text field identified by ``locator``.</doc>
<msg timestamp="20220317 15:27:42.133" level="INFO">Typing password into text field 'id=txtPassword'.</msg>
<msg timestamp="20220317 15:27:42.215" level="INFO">Temporally setting log level to: NONE</msg>
<msg timestamp="20220317 15:27:42.335" level="INFO">Log level changed from NONE to INFO.</msg>
<status status="PASS" starttime="20220317 15:27:42.132" endtime="20220317 15:27:42.335"/>
</kw>
<kw name="Click Element" library="SeleniumLibrary">
<arg>id=btnLogin</arg>
<doc>Click the element identified by ``locator``.</doc>
<msg timestamp="20220317 15:27:42.336" level="INFO">Clicking element 'id=btnLogin'.</msg>
<status status="PASS" starttime="20220317 15:27:42.335" endtime="20220317 15:27:47.613"/>
</kw>
<kw name="Page Should Contain" library="SeleniumLibrary">
<arg>My Info</arg>
<doc>Verifies that current page contains ``text``.</doc>
<msg timestamp="20220317 15:27:47.655" level="INFO">Current page contains text 'My Info'.</msg>
<status status="PASS" starttime="20220317 15:27:47.613" endtime="20220317 15:27:47.655"/>
</kw>
<kw name="Click Element" library="SeleniumLibrary">
<arg>link=My Info</arg>
<doc>Click the element identified by ``locator``.</doc>
<msg timestamp="20220317 15:27:47.656" level="INFO">Clicking element 'link=My Info'.</msg>
<status status="PASS" starttime="20220317 15:27:47.655" endtime="20220317 15:27:53.541"/>
</kw>
<kw name="Click Element" library="SeleniumLibrary">
<arg>link=Emergency Contacts</arg>
<doc>Click the element identified by ``locator``.</doc>
<msg timestamp="20220317 15:27:53.542" level="INFO">Clicking element 'link=Emergency Contacts'.</msg>
<status status="PASS" starttime="20220317 15:27:53.541" endtime="20220317 15:27:54.939"/>
</kw>
<kw name="Click Element" library="SeleniumLibrary">
<arg>id=btnAddContact</arg>
<doc>Click the element identified by ``locator``.</doc>
<msg timestamp="20220317 15:27:54.940" level="INFO">Clicking element 'id=btnAddContact'.</msg>
<status status="PASS" starttime="20220317 15:27:54.940" endtime="20220317 15:27:55.051"/>
</kw>
<kw name="Input Text" library="SeleniumLibrary">
<arg>id=emgcontacts_name</arg>
<arg>${name}</arg>
<doc>Types the given ``text`` into the text field identified by ``locator``.</doc>
<msg timestamp="20220317 15:27:55.052" level="INFO">Typing text 'Sandy' into text field 'id=emgcontacts_name'.</msg>
<status status="PASS" starttime="20220317 15:27:55.051" endtime="20220317 15:27:55.205"/>
</kw>
<kw name="Input Text" library="SeleniumLibrary">
<arg>id=emgcontacts_relationship</arg>
<arg>${relationshi}</arg>
<doc>Types the given ``text`` into the text field identified by ``locator``.</doc>
<msg timestamp="20220317 15:27:55.206" level="INFO">Typing text 'Sister' into text field 'id=emgcontacts_relationship'.</msg>
<status status="PASS" starttime="20220317 15:27:55.205" endtime="20220317 15:27:55.358"/>
</kw>
<kw name="Input Text" library="SeleniumLibrary">
<arg>id=emgcontacts_homePhone</arg>
<arg>${home_telephone}</arg>
<doc>Types the given ``text`` into the text field identified by ``locator``.</doc>
<msg timestamp="20220317 15:27:55.359" level="INFO">Typing text '787005' into text field 'id=emgcontacts_homePhone'.</msg>
<status status="PASS" starttime="20220317 15:27:55.359" endtime="20220317 15:27:55.508"/>
</kw>
<kw name="Click Element" library="SeleniumLibrary">
<arg>id=btnSaveEContact</arg>
<doc>Click the element identified by ``locator``.</doc>
<msg timestamp="20220317 15:27:55.509" level="INFO">Clicking element 'id=btnSaveEContact'.</msg>
<status status="PASS" starttime="20220317 15:27:55.509" endtime="20220317 15:27:57.404"/>
</kw>
<kw name="Table Should Contain" library="SeleniumLibrary">
<arg>id=emgcontact_list</arg>
<arg>${name}</arg>
<doc>Verifies table contains text ``expected``.</doc>
<status status="PASS" starttime="20220317 15:27:57.405" endtime="20220317 15:27:57.874"/>
</kw>
<kw name="Table Should Contain" library="SeleniumLibrary">
<arg>id=emgcontact_list</arg>
<arg>${home_telephone}</arg>
<doc>Verifies table contains text ``expected``.</doc>
<status status="PASS" starttime="20220317 15:27:57.874" endtime="20220317 15:27:58.184"/>
</kw>
<status status="PASS" starttime="20220317 15:27:41.959" endtime="20220317 15:27:58.184"/>
</kw>
<kw name="Close Browser" library="SeleniumLibrary" type="TEARDOWN">
<doc>Closes the current browser.</doc>
<status status="PASS" starttime="20220317 15:27:58.185" endtime="20220317 15:28:00.442"/>
</kw>
<status status="PASS" starttime="20220317 15:27:33.913" endtime="20220317 15:28:00.443"/>
</test>
<doc>This suite handles test case related to emergency contact</doc>
<status status="PASS" starttime="20220317 15:27:07.809" endtime="20220317 15:28:00.448"/>
</suite>
<statistics>
<total>
<stat pass="2" fail="0" skip="0">All Tests</stat>
</total>
<tag>
</tag>
<suite>
<stat pass="2" fail="0" skip="0" id="s1" name="Verify Emergency Contact Suite">Verify Emergency Contact Suite</stat>
</suite>
</statistics>
<errors>
</errors>
</robot>
